  cef_atomicops_x86_gcc.cc
  cef_bind_helpers.cc
  cef_callback_helpers.cc
  cef_callback_internal.cc
  cef_lock.cc
  cef_lock_impl.cc
  cef_logging.cc
  cef_ref_counted.cc
  cef_string16.cc
  cef_thread_checker_impl.cc
  cef_thread_collision_warner.cc
  cef_weak_ptr.cc
  transfer_util.cpp
  cef_byte_read_handler.cc
  cef_closure_task.cc
  cef_message_router.cc
  cef_stream_resource_handler.cc
  cef_xml_object.cc
  cef_zip_archive.cc
  libcef_dll_wrapper.cc
  libcef_dll_wrapper2.cc
  allow_certificate_error_callback_ctocpp.cc
  app_cpptoc.cc
  auth_callback_ctocpp.cc
  before_download_callback_ctocpp.cc
  binary_value_ctocpp.cc
  browser_ctocpp.cc
  browser_host_ctocpp.cc
  browser_process_handler_cpptoc.cc
  callback_ctocpp.cc
  client_cpptoc.cc
  command_line_ctocpp.cc
  completion_callback_cpptoc.cc
  context_menu_handler_cpptoc.cc
  context_menu_params_ctocpp.cc
  cookie_manager_ctocpp.cc
  cookie_visitor_cpptoc.cc
  domdocument_ctocpp.cc
  domevent_ctocpp.cc
  domevent_listener_cpptoc.cc
  domnode_ctocpp.cc
  domvisitor_cpptoc.cc
  dialog_handler_cpptoc.cc
  dictionary_value_ctocpp.cc
  display_handler_cpptoc.cc
  download_handler_cpptoc.cc
  download_item_ctocpp.cc
  download_item_callback_ctocpp.cc
  drag_data_ctocpp.cc
  drag_handler_cpptoc.cc
  end_tracing_callback_cpptoc.cc
  file_dialog_callback_ctocpp.cc
  focus_handler_cpptoc.cc
  frame_ctocpp.cc
  geolocation_callback_ctocpp.cc
  geolocation_handler_cpptoc.cc
  get_geolocation_callback_cpptoc.cc
  jsdialog_callback_ctocpp.cc
  jsdialog_handler_cpptoc.cc
  keyboard_handler_cpptoc.cc
  life_span_handler_cpptoc.cc
  list_value_ctocpp.cc
  load_handler_cpptoc.cc
  menu_model_ctocpp.cc
  post_data_ctocpp.cc
  post_data_element_ctocpp.cc
  print_dialog_callback_ctocpp.cc
  print_handler_cpptoc.cc
  print_job_callback_ctocpp.cc
  print_settings_ctocpp.cc
  process_message_ctocpp.cc
  quota_callback_ctocpp.cc
  read_handler_cpptoc.cc
  render_handler_cpptoc.cc
  render_process_handler_cpptoc.cc
  request_ctocpp.cc
  request_context_ctocpp.cc
  request_context_handler_cpptoc.cc
  request_handler_cpptoc.cc
  resource_bundle_handler_cpptoc.cc
  resource_handler_cpptoc.cc
  response_ctocpp.cc
  run_file_dialog_callback_cpptoc.cc
  scheme_handler_factory_cpptoc.cc
  scheme_registrar_ctocpp.cc
  stream_reader_ctocpp.cc
  stream_writer_ctocpp.cc
  string_visitor_cpptoc.cc
  task_cpptoc.cc
  task_runner_ctocpp.cc
  urlrequest_ctocpp.cc
  urlrequest_client_cpptoc.cc
  v8accessor_cpptoc.cc
  v8context_ctocpp.cc
  v8exception_ctocpp.cc
  v8handler_cpptoc.cc
  v8stack_frame_ctocpp.cc
  v8stack_trace_ctocpp.cc
  v8value_ctocpp.cc
  web_plugin_info_ctocpp.cc
  web_plugin_info_visitor_cpptoc.cc
  web_plugin_unstable_callback_cpptoc.cc
  write_handler_cpptoc.cc
  xml_reader_ctocpp.cc
  zip_reader_ctocpp.cc
  libcef_dll_wrapper.vcxproj -> out\Release\lib\libcef_dll_wrapper.lib
