  copy_resources, and also copy_executables, and also copy_libraries
  D:\bryan\Documents\Projects\TSG_Dictation_App_Demo\dialog_content\cef\Resources\cef.pak -> D:\bryan\Documents\Projects\TSG_Dictation_App_Demo\dialog_content\cef\out\Release\cef.pak
  D:\bryan\Documents\Projects\TSG_Dictation_App_Demo\dialog_content\cef\Resources\cef_100_percent.pak -> D:\bryan\Documents\Projects\TSG_Dictation_App_Demo\dialog_content\cef\out\Release\cef_100_percent.pak
  D:\bryan\Documents\Projects\TSG_Dictation_App_Demo\dialog_content\cef\Resources\cef_200_percent.pak -> D:\bryan\Documents\Projects\TSG_Dictation_App_Demo\dialog_content\cef\out\Release\cef_200_percent.pak
  D:\bryan\Documents\Projects\TSG_Dictation_App_Demo\dialog_content\cef\Resources\devtools_resources.pak -> D:\bryan\Documents\Projects\TSG_Dictation_App_Demo\dialog_content\cef\out\Release\devtools_resources.pak
  D:\bryan\Documents\Projects\TSG_Dictation_App_Demo\dialog_content\cef\Resources\icudtl.dat -> D:\bryan\Documents\Projects\TSG_Dictation_App_Demo\dialog_content\cef\out\Release\icudtl.dat
  D:\bryan\Documents\Projects\TSG_Dictation_App_Demo\dialog_content\cef\Resources\locales\am.pak -> D:\bryan\Documents\Projects\TSG_Dictation_App_Demo\dialog_content\cef\out\Release\locales\am.pak
  D:\bryan\Documents\Projects\TSG_Dictation_App_Demo\dialog_content\cef\Resources\locales\ar.pak -> D:\bryan\Documents\Projects\TSG_Dictation_App_Demo\dialog_content\cef\out\Release\locales\ar.pak
  D:\bryan\Documents\Projects\TSG_Dictation_App_Demo\dialog_content\cef\Resources\locales\bg.pak -> D:\bryan\Documents\Projects\TSG_Dictation_App_Demo\dialog_content\cef\out\Release\locales\bg.pak
  D:\bryan\Documents\Projects\TSG_Dictation_App_Demo\dialog_content\cef\Resources\locales\bn.pak -> D:\bryan\Documents\Projects\TSG_Dictation_App_Demo\dialog_content\cef\out\Release\locales\bn.pak
  D:\bryan\Documents\Projects\TSG_Dictation_App_Demo\dialog_content\cef\Resources\locales\ca.pak -> D:\bryan\Documents\Projects\TSG_Dictation_App_Demo\dialog_content\cef\out\Release\locales\ca.pak
  D:\bryan\Documents\Projects\TSG_Dictation_App_Demo\dialog_content\cef\Resources\locales\cs.pak -> D:\bryan\Documents\Projects\TSG_Dictation_App_Demo\dialog_content\cef\out\Release\locales\cs.pak
  D:\bryan\Documents\Projects\TSG_Dictation_App_Demo\dialog_content\cef\Resources\locales\da.pak -> D:\bryan\Documents\Projects\TSG_Dictation_App_Demo\dialog_content\cef\out\Release\locales\da.pak
  D:\bryan\Documents\Projects\TSG_Dictation_App_Demo\dialog_content\cef\Resources\locales\de.pak -> D:\bryan\Documents\Projects\TSG_Dictation_App_Demo\dialog_content\cef\out\Release\locales\de.pak
  D:\bryan\Documents\Projects\TSG_Dictation_App_Demo\dialog_content\cef\Resources\locales\el.pak -> D:\bryan\Documents\Projects\TSG_Dictation_App_Demo\dialog_content\cef\out\Release\locales\el.pak
  D:\bryan\Documents\Projects\TSG_Dictation_App_Demo\dialog_content\cef\Resources\locales\en-GB.pak -> D:\bryan\Documents\Projects\TSG_Dictation_App_Demo\dialog_content\cef\out\Release\locales\en-GB.pak
  D:\bryan\Documents\Projects\TSG_Dictation_App_Demo\dialog_content\cef\Resources\locales\en-US.pak -> D:\bryan\Documents\Projects\TSG_Dictation_App_Demo\dialog_content\cef\out\Release\locales\en-US.pak
  D:\bryan\Documents\Projects\TSG_Dictation_App_Demo\dialog_content\cef\Resources\locales\es-419.pak -> D:\bryan\Documents\Projects\TSG_Dictation_App_Demo\dialog_content\cef\out\Release\locales\es-419.pak
  D:\bryan\Documents\Projects\TSG_Dictation_App_Demo\dialog_content\cef\Resources\locales\es.pak -> D:\bryan\Documents\Projects\TSG_Dictation_App_Demo\dialog_content\cef\out\Release\locales\es.pak
  D:\bryan\Documents\Projects\TSG_Dictation_App_Demo\dialog_content\cef\Resources\locales\et.pak -> D:\bryan\Documents\Projects\TSG_Dictation_App_Demo\dialog_content\cef\out\Release\locales\et.pak
  D:\bryan\Documents\Projects\TSG_Dictation_App_Demo\dialog_content\cef\Resources\locales\fa.pak -> D:\bryan\Documents\Projects\TSG_Dictation_App_Demo\dialog_content\cef\out\Release\locales\fa.pak
  D:\bryan\Documents\Projects\TSG_Dictation_App_Demo\dialog_content\cef\Resources\locales\fi.pak -> D:\bryan\Documents\Projects\TSG_Dictation_App_Demo\dialog_content\cef\out\Release\locales\fi.pak
  D:\bryan\Documents\Projects\TSG_Dictation_App_Demo\dialog_content\cef\Resources\locales\fil.pak -> D:\bryan\Documents\Projects\TSG_Dictation_App_Demo\dialog_content\cef\out\Release\locales\fil.pak
  D:\bryan\Documents\Projects\TSG_Dictation_App_Demo\dialog_content\cef\Resources\locales\fr.pak -> D:\bryan\Documents\Projects\TSG_Dictation_App_Demo\dialog_content\cef\out\Release\locales\fr.pak
  D:\bryan\Documents\Projects\TSG_Dictation_App_Demo\dialog_content\cef\Resources\locales\gu.pak -> D:\bryan\Documents\Projects\TSG_Dictation_App_Demo\dialog_content\cef\out\Release\locales\gu.pak
  D:\bryan\Documents\Projects\TSG_Dictation_App_Demo\dialog_content\cef\Resources\locales\he.pak -> D:\bryan\Documents\Projects\TSG_Dictation_App_Demo\dialog_content\cef\out\Release\locales\he.pak
  D:\bryan\Documents\Projects\TSG_Dictation_App_Demo\dialog_content\cef\Resources\locales\hi.pak -> D:\bryan\Documents\Projects\TSG_Dictation_App_Demo\dialog_content\cef\out\Release\locales\hi.pak
  D:\bryan\Documents\Projects\TSG_Dictation_App_Demo\dialog_content\cef\Resources\locales\hr.pak -> D:\bryan\Documents\Projects\TSG_Dictation_App_Demo\dialog_content\cef\out\Release\locales\hr.pak
  D:\bryan\Documents\Projects\TSG_Dictation_App_Demo\dialog_content\cef\Resources\locales\hu.pak -> D:\bryan\Documents\Projects\TSG_Dictation_App_Demo\dialog_content\cef\out\Release\locales\hu.pak
  D:\bryan\Documents\Projects\TSG_Dictation_App_Demo\dialog_content\cef\Resources\locales\id.pak -> D:\bryan\Documents\Projects\TSG_Dictation_App_Demo\dialog_content\cef\out\Release\locales\id.pak
  D:\bryan\Documents\Projects\TSG_Dictation_App_Demo\dialog_content\cef\Resources\locales\it.pak -> D:\bryan\Documents\Projects\TSG_Dictation_App_Demo\dialog_content\cef\out\Release\locales\it.pak
  D:\bryan\Documents\Projects\TSG_Dictation_App_Demo\dialog_content\cef\Resources\locales\ja.pak -> D:\bryan\Documents\Projects\TSG_Dictation_App_Demo\dialog_content\cef\out\Release\locales\ja.pak
  D:\bryan\Documents\Projects\TSG_Dictation_App_Demo\dialog_content\cef\Resources\locales\kn.pak -> D:\bryan\Documents\Projects\TSG_Dictation_App_Demo\dialog_content\cef\out\Release\locales\kn.pak
  D:\bryan\Documents\Projects\TSG_Dictation_App_Demo\dialog_content\cef\Resources\locales\ko.pak -> D:\bryan\Documents\Projects\TSG_Dictation_App_Demo\dialog_content\cef\out\Release\locales\ko.pak
  D:\bryan\Documents\Projects\TSG_Dictation_App_Demo\dialog_content\cef\Resources\locales\lt.pak -> D:\bryan\Documents\Projects\TSG_Dictation_App_Demo\dialog_content\cef\out\Release\locales\lt.pak
  D:\bryan\Documents\Projects\TSG_Dictation_App_Demo\dialog_content\cef\Resources\locales\lv.pak -> D:\bryan\Documents\Projects\TSG_Dictation_App_Demo\dialog_content\cef\out\Release\locales\lv.pak
  D:\bryan\Documents\Projects\TSG_Dictation_App_Demo\dialog_content\cef\Resources\locales\ml.pak -> D:\bryan\Documents\Projects\TSG_Dictation_App_Demo\dialog_content\cef\out\Release\locales\ml.pak
  D:\bryan\Documents\Projects\TSG_Dictation_App_Demo\dialog_content\cef\Resources\locales\mr.pak -> D:\bryan\Documents\Projects\TSG_Dictation_App_Demo\dialog_content\cef\out\Release\locales\mr.pak
  D:\bryan\Documents\Projects\TSG_Dictation_App_Demo\dialog_content\cef\Resources\locales\ms.pak -> D:\bryan\Documents\Projects\TSG_Dictation_App_Demo\dialog_content\cef\out\Release\locales\ms.pak
  D:\bryan\Documents\Projects\TSG_Dictation_App_Demo\dialog_content\cef\Resources\locales\nb.pak -> D:\bryan\Documents\Projects\TSG_Dictation_App_Demo\dialog_content\cef\out\Release\locales\nb.pak
  D:\bryan\Documents\Projects\TSG_Dictation_App_Demo\dialog_content\cef\Resources\locales\nl.pak -> D:\bryan\Documents\Projects\TSG_Dictation_App_Demo\dialog_content\cef\out\Release\locales\nl.pak
  D:\bryan\Documents\Projects\TSG_Dictation_App_Demo\dialog_content\cef\Resources\locales\pl.pak -> D:\bryan\Documents\Projects\TSG_Dictation_App_Demo\dialog_content\cef\out\Release\locales\pl.pak
  D:\bryan\Documents\Projects\TSG_Dictation_App_Demo\dialog_content\cef\Resources\locales\pt-BR.pak -> D:\bryan\Documents\Projects\TSG_Dictation_App_Demo\dialog_content\cef\out\Release\locales\pt-BR.pak
  D:\bryan\Documents\Projects\TSG_Dictation_App_Demo\dialog_content\cef\Resources\locales\pt-PT.pak -> D:\bryan\Documents\Projects\TSG_Dictation_App_Demo\dialog_content\cef\out\Release\locales\pt-PT.pak
  D:\bryan\Documents\Projects\TSG_Dictation_App_Demo\dialog_content\cef\Resources\locales\ro.pak -> D:\bryan\Documents\Projects\TSG_Dictation_App_Demo\dialog_content\cef\out\Release\locales\ro.pak
  D:\bryan\Documents\Projects\TSG_Dictation_App_Demo\dialog_content\cef\Resources\locales\ru.pak -> D:\bryan\Documents\Projects\TSG_Dictation_App_Demo\dialog_content\cef\out\Release\locales\ru.pak
  D:\bryan\Documents\Projects\TSG_Dictation_App_Demo\dialog_content\cef\Resources\locales\sk.pak -> D:\bryan\Documents\Projects\TSG_Dictation_App_Demo\dialog_content\cef\out\Release\locales\sk.pak
  D:\bryan\Documents\Projects\TSG_Dictation_App_Demo\dialog_content\cef\Resources\locales\sl.pak -> D:\bryan\Documents\Projects\TSG_Dictation_App_Demo\dialog_content\cef\out\Release\locales\sl.pak
  D:\bryan\Documents\Projects\TSG_Dictation_App_Demo\dialog_content\cef\Resources\locales\sr.pak -> D:\bryan\Documents\Projects\TSG_Dictation_App_Demo\dialog_content\cef\out\Release\locales\sr.pak
  D:\bryan\Documents\Projects\TSG_Dictation_App_Demo\dialog_content\cef\Resources\locales\sv.pak -> D:\bryan\Documents\Projects\TSG_Dictation_App_Demo\dialog_content\cef\out\Release\locales\sv.pak
  D:\bryan\Documents\Projects\TSG_Dictation_App_Demo\dialog_content\cef\Resources\locales\sw.pak -> D:\bryan\Documents\Projects\TSG_Dictation_App_Demo\dialog_content\cef\out\Release\locales\sw.pak
  D:\bryan\Documents\Projects\TSG_Dictation_App_Demo\dialog_content\cef\Resources\locales\ta.pak -> D:\bryan\Documents\Projects\TSG_Dictation_App_Demo\dialog_content\cef\out\Release\locales\ta.pak
  D:\bryan\Documents\Projects\TSG_Dictation_App_Demo\dialog_content\cef\Resources\locales\te.pak -> D:\bryan\Documents\Projects\TSG_Dictation_App_Demo\dialog_content\cef\out\Release\locales\te.pak
  D:\bryan\Documents\Projects\TSG_Dictation_App_Demo\dialog_content\cef\Resources\locales\th.pak -> D:\bryan\Documents\Projects\TSG_Dictation_App_Demo\dialog_content\cef\out\Release\locales\th.pak
  D:\bryan\Documents\Projects\TSG_Dictation_App_Demo\dialog_content\cef\Resources\locales\tr.pak -> D:\bryan\Documents\Projects\TSG_Dictation_App_Demo\dialog_content\cef\out\Release\locales\tr.pak
  D:\bryan\Documents\Projects\TSG_Dictation_App_Demo\dialog_content\cef\Resources\locales\uk.pak -> D:\bryan\Documents\Projects\TSG_Dictation_App_Demo\dialog_content\cef\out\Release\locales\uk.pak
  D:\bryan\Documents\Projects\TSG_Dictation_App_Demo\dialog_content\cef\Resources\locales\vi.pak -> D:\bryan\Documents\Projects\TSG_Dictation_App_Demo\dialog_content\cef\out\Release\locales\vi.pak
  D:\bryan\Documents\Projects\TSG_Dictation_App_Demo\dialog_content\cef\Resources\locales\zh-CN.pak -> D:\bryan\Documents\Projects\TSG_Dictation_App_Demo\dialog_content\cef\out\Release\locales\zh-CN.pak
  D:\bryan\Documents\Projects\TSG_Dictation_App_Demo\dialog_content\cef\Resources\locales\zh-TW.pak -> D:\bryan\Documents\Projects\TSG_Dictation_App_Demo\dialog_content\cef\out\Release\locales\zh-TW.pak
  58 File(s) copied
  File not found - *.exe
  0 File(s) copied
  D:\bryan\Documents\Projects\TSG_Dictation_App_Demo\dialog_content\cef\Release\d3dcompiler_43.dll -> D:\bryan\Documents\Projects\TSG_Dictation_App_Demo\dialog_content\cef\out\Release\d3dcompiler_43.dll
  D:\bryan\Documents\Projects\TSG_Dictation_App_Demo\dialog_content\cef\Release\d3dcompiler_46.dll -> D:\bryan\Documents\Projects\TSG_Dictation_App_Demo\dialog_content\cef\out\Release\d3dcompiler_46.dll
  D:\bryan\Documents\Projects\TSG_Dictation_App_Demo\dialog_content\cef\Release\ffmpegsumo.dll -> D:\bryan\Documents\Projects\TSG_Dictation_App_Demo\dialog_content\cef\out\Release\ffmpegsumo.dll
  D:\bryan\Documents\Projects\TSG_Dictation_App_Demo\dialog_content\cef\Release\libcef.dll -> D:\bryan\Documents\Projects\TSG_Dictation_App_Demo\dialog_content\cef\out\Release\libcef.dll
  D:\bryan\Documents\Projects\TSG_Dictation_App_Demo\dialog_content\cef\Release\libEGL.dll -> D:\bryan\Documents\Projects\TSG_Dictation_App_Demo\dialog_content\cef\out\Release\libEGL.dll
  D:\bryan\Documents\Projects\TSG_Dictation_App_Demo\dialog_content\cef\Release\libGLESv2.dll -> D:\bryan\Documents\Projects\TSG_Dictation_App_Demo\dialog_content\cef\out\Release\libGLESv2.dll
  D:\bryan\Documents\Projects\TSG_Dictation_App_Demo\dialog_content\cef\Release\pdf.dll -> D:\bryan\Documents\Projects\TSG_Dictation_App_Demo\dialog_content\cef\out\Release\pdf.dll
  7 File(s) copied
  simple_app.cpp
  simple_handler.cpp
  cefsimple_win.cpp
  simple_handler_win.cpp
     Creating library out\Release\lib\cefsimple.lib and object out\Release\lib\cefsimple.exp
cef_sandbox.lib(sandbox.Wow64_64.obj) : warning LNK4099: PDB 'sandbox.cc.pdb' was not found with 'cef_sandbox.lib(sandbox.Wow64_64.obj)' or at 'D:\bryan\Documents\Projects\TSG_Dictation_App_Demo\dialog_content\cef\out\Release\sandbox.cc.pdb'; linking object as if no debug info
cef_sandbox.lib(sandbox.service_resolver_64.obj) : warning LNK4099: PDB 'sandbox.cc.pdb' was not found with 'cef_sandbox.lib(sandbox.service_resolver_64.obj)' or at 'D:\bryan\Documents\Projects\TSG_Dictation_App_Demo\dialog_content\cef\out\Release\sandbox.cc.pdb'; linking object as if no debug info
cef_sandbox.lib(sandbox.resolver_64.obj) : warning LNK4099: PDB 'sandbox.cc.pdb' was not found with 'cef_sandbox.lib(sandbox.resolver_64.obj)' or at 'D:\bryan\Documents\Projects\TSG_Dictation_App_Demo\dialog_content\cef\out\Release\sandbox.cc.pdb'; linking object as if no debug info
cef_sandbox.lib(sandbox.interceptors_64.obj) : warning LNK4099: PDB 'sandbox.cc.pdb' was not found with 'cef_sandbox.lib(sandbox.interceptors_64.obj)' or at 'D:\bryan\Documents\Projects\TSG_Dictation_App_Demo\dialog_content\cef\out\Release\sandbox.cc.pdb'; linking object as if no debug info
cef_sandbox.lib(sandbox.window.obj) : warning LNK4099: PDB 'sandbox.cc.pdb' was not found with 'cef_sandbox.lib(sandbox.window.obj)' or at 'D:\bryan\Documents\Projects\TSG_Dictation_App_Demo\dialog_content\cef\out\Release\sandbox.cc.pdb'; linking object as if no debug info
cef_sandbox.lib(sandbox.win2k_threadpool.obj) : warning LNK4099: PDB 'sandbox.cc.pdb' was not found with 'cef_sandbox.lib(sandbox.win2k_threadpool.obj)' or at 'D:\bryan\Documents\Projects\TSG_Dictation_App_Demo\dialog_content\cef\out\Release\sandbox.cc.pdb'; linking object as if no debug info
cef_sandbox.lib(sandbox.win_utils.obj) : warning LNK4099: PDB 'sandbox.cc.pdb' was not found with 'cef_sandbox.lib(sandbox.win_utils.obj)' or at 'D:\bryan\Documents\Projects\TSG_Dictation_App_Demo\dialog_content\cef\out\Release\sandbox.cc.pdb'; linking object as if no debug info
cef_sandbox.lib(sandbox.target_services.obj) : warning LNK4099: PDB 'sandbox.cc.pdb' was not found with 'cef_sandbox.lib(sandbox.target_services.obj)' or at 'D:\bryan\Documents\Projects\TSG_Dictation_App_Demo\dialog_content\cef\out\Release\sandbox.cc.pdb'; linking object as if no debug info
cef_sandbox.lib(sandbox.target_process.obj) : warning LNK4099: PDB 'sandbox.cc.pdb' was not found with 'cef_sandbox.lib(sandbox.target_process.obj)' or at 'D:\bryan\Documents\Projects\TSG_Dictation_App_Demo\dialog_content\cef\out\Release\sandbox.cc.pdb'; linking object as if no debug info
cef_sandbox.lib(sandbox.target_interceptions.obj) : warning LNK4099: PDB 'sandbox.cc.pdb' was not found with 'cef_sandbox.lib(sandbox.target_interceptions.obj)' or at 'D:\bryan\Documents\Projects\TSG_Dictation_App_Demo\dialog_content\cef\out\Release\sandbox.cc.pdb'; linking object as if no debug info
cef_sandbox.lib(sandbox.sync_policy.obj) : warning LNK4099: PDB 'sandbox.cc.pdb' was not found with 'cef_sandbox.lib(sandbox.sync_policy.obj)' or at 'D:\bryan\Documents\Projects\TSG_Dictation_App_Demo\dialog_content\cef\out\Release\sandbox.cc.pdb'; linking object as if no debug info
cef_sandbox.lib(sandbox.sync_interception.obj) : warning LNK4099: PDB 'sandbox.cc.pdb' was not found with 'cef_sandbox.lib(sandbox.sync_interception.obj)' or at 'D:\bryan\Documents\Projects\TSG_Dictation_App_Demo\dialog_content\cef\out\Release\sandbox.cc.pdb'; linking object as if no debug info
cef_sandbox.lib(sandbox.sync_dispatcher.obj) : warning LNK4099: PDB 'sandbox.cc.pdb' was not found with 'cef_sandbox.lib(sandbox.sync_dispatcher.obj)' or at 'D:\bryan\Documents\Projects\TSG_Dictation_App_Demo\dialog_content\cef\out\Release\sandbox.cc.pdb'; linking object as if no debug info
cef_sandbox.lib(sandbox.sid.obj) : warning LNK4099: PDB 'sandbox.cc.pdb' was not found with 'cef_sandbox.lib(sandbox.sid.obj)' or at 'D:\bryan\Documents\Projects\TSG_Dictation_App_Demo\dialog_content\cef\out\Release\sandbox.cc.pdb'; linking object as if no debug info
cef_sandbox.lib(sandbox.sharedmem_ipc_server.obj) : warning LNK4099: PDB 'sandbox.cc.pdb' was not found with 'cef_sandbox.lib(sandbox.sharedmem_ipc_server.obj)' or at 'D:\bryan\Documents\Projects\TSG_Dictation_App_Demo\dialog_content\cef\out\Release\sandbox.cc.pdb'; linking object as if no debug info
cef_sandbox.lib(sandbox.sharedmem_ipc_client.obj) : warning LNK4099: PDB 'sandbox.cc.pdb' was not found with 'cef_sandbox.lib(sandbox.sharedmem_ipc_client.obj)' or at 'D:\bryan\Documents\Projects\TSG_Dictation_App_Demo\dialog_content\cef\out\Release\sandbox.cc.pdb'; linking object as if no debug info
cef_sandbox.lib(sandbox.service_resolver.obj) : warning LNK4099: PDB 'sandbox.cc.pdb' was not found with 'cef_sandbox.lib(sandbox.service_resolver.obj)' or at 'D:\bryan\Documents\Projects\TSG_Dictation_App_Demo\dialog_content\cef\out\Release\sandbox.cc.pdb'; linking object as if no debug info
cef_sandbox.lib(sandbox.sandbox.obj) : warning LNK4099: PDB 'sandbox.cc.pdb' was not found with 'cef_sandbox.lib(sandbox.sandbox.obj)' or at 'D:\bryan\Documents\Projects\TSG_Dictation_App_Demo\dialog_content\cef\out\Release\sandbox.cc.pdb'; linking object as if no debug info
cef_sandbox.lib(sandbox.sandbox_utils.obj) : warning LNK4099: PDB 'sandbox.cc.pdb' was not found with 'cef_sandbox.lib(sandbox.sandbox_utils.obj)' or at 'D:\bryan\Documents\Projects\TSG_Dictation_App_Demo\dialog_content\cef\out\Release\sandbox.cc.pdb'; linking object as if no debug info
cef_sandbox.lib(sandbox.sandbox_policy_base.obj) : warning LNK4099: PDB 'sandbox.cc.pdb' was not found with 'cef_sandbox.lib(sandbox.sandbox_policy_base.obj)' or at 'D:\bryan\Documents\Projects\TSG_Dictation_App_Demo\dialog_content\cef\out\Release\sandbox.cc.pdb'; linking object as if no debug info
cef_sandbox.lib(sandbox.sandbox_nt_util.obj) : warning LNK4099: PDB 'sandbox.cc.pdb' was not found with 'cef_sandbox.lib(sandbox.sandbox_nt_util.obj)' or at 'D:\bryan\Documents\Projects\TSG_Dictation_App_Demo\dialog_content\cef\out\Release\sandbox.cc.pdb'; linking object as if no debug info
cef_sandbox.lib(sandbox.sandbox_globals.obj) : warning LNK4099: PDB 'sandbox.cc.pdb' was not found with 'cef_sandbox.lib(sandbox.sandbox_globals.obj)' or at 'D:\bryan\Documents\Projects\TSG_Dictation_App_Demo\dialog_content\cef\out\Release\sandbox.cc.pdb'; linking object as if no debug info
cef_sandbox.lib(sandbox.restricted_token.obj) : warning LNK4099: PDB 'sandbox.cc.pdb' was not found with 'cef_sandbox.lib(sandbox.restricted_token.obj)' or at 'D:\bryan\Documents\Projects\TSG_Dictation_App_Demo\dialog_content\cef\out\Release\sandbox.cc.pdb'; linking object as if no debug info
cef_sandbox.lib(sandbox.restricted_token_utils.obj) : warning LNK4099: PDB 'sandbox.cc.pdb' was not found with 'cef_sandbox.lib(sandbox.restricted_token_utils.obj)' or at 'D:\bryan\Documents\Projects\TSG_Dictation_App_Demo\dialog_content\cef\out\Release\sandbox.cc.pdb'; linking object as if no debug info
cef_sandbox.lib(sandbox.resolver.obj) : warning LNK4099: PDB 'sandbox.cc.pdb' was not found with 'cef_sandbox.lib(sandbox.resolver.obj)' or at 'D:\bryan\Documents\Projects\TSG_Dictation_App_Demo\dialog_content\cef\out\Release\sandbox.cc.pdb'; linking object as if no debug info
cef_sandbox.lib(sandbox.registry_policy.obj) : warning LNK4099: PDB 'sandbox.cc.pdb' was not found with 'cef_sandbox.lib(sandbox.registry_policy.obj)' or at 'D:\bryan\Documents\Projects\TSG_Dictation_App_Demo\dialog_content\cef\out\Release\sandbox.cc.pdb'; linking object as if no debug info
cef_sandbox.lib(sandbox.registry_interception.obj) : warning LNK4099: PDB 'sandbox.cc.pdb' was not found with 'cef_sandbox.lib(sandbox.registry_interception.obj)' or at 'D:\bryan\Documents\Projects\TSG_Dictation_App_Demo\dialog_content\cef\out\Release\sandbox.cc.pdb'; linking object as if no debug info
cef_sandbox.lib(sandbox.registry_dispatcher.obj) : warning LNK4099: PDB 'sandbox.cc.pdb' was not found with 'cef_sandbox.lib(sandbox.registry_dispatcher.obj)' or at 'D:\bryan\Documents\Projects\TSG_Dictation_App_Demo\dialog_content\cef\out\Release\sandbox.cc.pdb'; linking object as if no debug info
cef_sandbox.lib(sandbox.process_thread_policy.obj) : warning LNK4099: PDB 'sandbox.cc.pdb' was not found with 'cef_sandbox.lib(sandbox.process_thread_policy.obj)' or at 'D:\bryan\Documents\Projects\TSG_Dictation_App_Demo\dialog_content\cef\out\Release\sandbox.cc.pdb'; linking object as if no debug info
cef_sandbox.lib(sandbox.process_thread_interception.obj) : warning LNK4099: PDB 'sandbox.cc.pdb' was not found with 'cef_sandbox.lib(sandbox.process_thread_interception.obj)' or at 'D:\bryan\Documents\Projects\TSG_Dictation_App_Demo\dialog_content\cef\out\Release\sandbox.cc.pdb'; linking object as if no debug info
cef_sandbox.lib(sandbox.process_thread_dispatcher.obj) : warning LNK4099: PDB 'sandbox.cc.pdb' was not found with 'cef_sandbox.lib(sandbox.process_thread_dispatcher.obj)' or at 'D:\bryan\Documents\Projects\TSG_Dictation_App_Demo\dialog_content\cef\out\Release\sandbox.cc.pdb'; linking object as if no debug info
cef_sandbox.lib(sandbox.process_mitigations_win32k_policy.obj) : warning LNK4099: PDB 'sandbox.cc.pdb' was not found with 'cef_sandbox.lib(sandbox.process_mitigations_win32k_policy.obj)' or at 'D:\bryan\Documents\Projects\TSG_Dictation_App_Demo\dialog_content\cef\out\Release\sandbox.cc.pdb'; linking object as if no debug info
cef_sandbox.lib(sandbox.process_mitigations_win32k_interception.obj) : warning LNK4099: PDB 'sandbox.cc.pdb' was not found with 'cef_sandbox.lib(sandbox.process_mitigations_win32k_interception.obj)' or at 'D:\bryan\Documents\Projects\TSG_Dictation_App_Demo\dialog_content\cef\out\Release\sandbox.cc.pdb'; linking object as if no debug info
cef_sandbox.lib(sandbox.process_mitigations_win32k_dispatcher.obj) : warning LNK4099: PDB 'sandbox.cc.pdb' was not found with 'cef_sandbox.lib(sandbox.process_mitigations_win32k_dispatcher.obj)' or at 'D:\bryan\Documents\Projects\TSG_Dictation_App_Demo\dialog_content\cef\out\Release\sandbox.cc.pdb'; linking object as if no debug info
cef_sandbox.lib(sandbox.process_mitigations.obj) : warning LNK4099: PDB 'sandbox.cc.pdb' was not found with 'cef_sandbox.lib(sandbox.process_mitigations.obj)' or at 'D:\bryan\Documents\Projects\TSG_Dictation_App_Demo\dialog_content\cef\out\Release\sandbox.cc.pdb'; linking object as if no debug info
cef_sandbox.lib(sandbox.policy_target.obj) : warning LNK4099: PDB 'sandbox.cc.pdb' was not found with 'cef_sandbox.lib(sandbox.policy_target.obj)' or at 'D:\bryan\Documents\Projects\TSG_Dictation_App_Demo\dialog_content\cef\out\Release\sandbox.cc.pdb'; linking object as if no debug info
cef_sandbox.lib(sandbox.policy_low_level.obj) : warning LNK4099: PDB 'sandbox.cc.pdb' was not found with 'cef_sandbox.lib(sandbox.policy_low_level.obj)' or at 'D:\bryan\Documents\Projects\TSG_Dictation_App_Demo\dialog_content\cef\out\Release\sandbox.cc.pdb'; linking object as if no debug info
cef_sandbox.lib(sandbox.policy_engine_processor.obj) : warning LNK4099: PDB 'sandbox.cc.pdb' was not found with 'cef_sandbox.lib(sandbox.policy_engine_processor.obj)' or at 'D:\bryan\Documents\Projects\TSG_Dictation_App_Demo\dialog_content\cef\out\Release\sandbox.cc.pdb'; linking object as if no debug info
cef_sandbox.lib(sandbox.policy_engine_opcodes.obj) : warning LNK4099: PDB 'sandbox.cc.pdb' was not found with 'cef_sandbox.lib(sandbox.policy_engine_opcodes.obj)' or at 'D:\bryan\Documents\Projects\TSG_Dictation_App_Demo\dialog_content\cef\out\Release\sandbox.cc.pdb'; linking object as if no debug info
cef_sandbox.lib(sandbox.policy_broker.obj) : warning LNK4099: PDB 'sandbox.cc.pdb' was not found with 'cef_sandbox.lib(sandbox.policy_broker.obj)' or at 'D:\bryan\Documents\Projects\TSG_Dictation_App_Demo\dialog_content\cef\out\Release\sandbox.cc.pdb'; linking object as if no debug info
cef_sandbox.lib(sandbox.named_pipe_policy.obj) : warning LNK4099: PDB 'sandbox.cc.pdb' was not found with 'cef_sandbox.lib(sandbox.named_pipe_policy.obj)' or at 'D:\bryan\Documents\Projects\TSG_Dictation_App_Demo\dialog_content\cef\out\Release\sandbox.cc.pdb'; linking object as if no debug info
cef_sandbox.lib(sandbox.named_pipe_interception.obj) : warning LNK4099: PDB 'sandbox.cc.pdb' was not found with 'cef_sandbox.lib(sandbox.named_pipe_interception.obj)' or at 'D:\bryan\Documents\Projects\TSG_Dictation_App_Demo\dialog_content\cef\out\Release\sandbox.cc.pdb'; linking object as if no debug info
cef_sandbox.lib(sandbox.named_pipe_dispatcher.obj) : warning LNK4099: PDB 'sandbox.cc.pdb' was not found with 'cef_sandbox.lib(sandbox.named_pipe_dispatcher.obj)' or at 'D:\bryan\Documents\Projects\TSG_Dictation_App_Demo\dialog_content\cef\out\Release\sandbox.cc.pdb'; linking object as if no debug info
cef_sandbox.lib(sandbox.job.obj) : warning LNK4099: PDB 'sandbox.cc.pdb' was not found with 'cef_sandbox.lib(sandbox.job.obj)' or at 'D:\bryan\Documents\Projects\TSG_Dictation_App_Demo\dialog_content\cef\out\Release\sandbox.cc.pdb'; linking object as if no debug info
cef_sandbox.lib(sandbox.interception_agent.obj) : warning LNK4099: PDB 'sandbox.cc.pdb' was not found with 'cef_sandbox.lib(sandbox.interception_agent.obj)' or at 'D:\bryan\Documents\Projects\TSG_Dictation_App_Demo\dialog_content\cef\out\Release\sandbox.cc.pdb'; linking object as if no debug info
cef_sandbox.lib(sandbox.interception.obj) : warning LNK4099: PDB 'sandbox.cc.pdb' was not found with 'cef_sandbox.lib(sandbox.interception.obj)' or at 'D:\bryan\Documents\Projects\TSG_Dictation_App_Demo\dialog_content\cef\out\Release\sandbox.cc.pdb'; linking object as if no debug info
cef_sandbox.lib(sandbox.handle_policy.obj) : warning LNK4099: PDB 'sandbox.cc.pdb' was not found with 'cef_sandbox.lib(sandbox.handle_policy.obj)' or at 'D:\bryan\Documents\Projects\TSG_Dictation_App_Demo\dialog_content\cef\out\Release\sandbox.cc.pdb'; linking object as if no debug info
cef_sandbox.lib(sandbox.handle_interception.obj) : warning LNK4099: PDB 'sandbox.cc.pdb' was not found with 'cef_sandbox.lib(sandbox.handle_interception.obj)' or at 'D:\bryan\Documents\Projects\TSG_Dictation_App_Demo\dialog_content\cef\out\Release\sandbox.cc.pdb'; linking object as if no debug info
cef_sandbox.lib(sandbox.handle_dispatcher.obj) : warning LNK4099: PDB 'sandbox.cc.pdb' was not found with 'cef_sandbox.lib(sandbox.handle_dispatcher.obj)' or at 'D:\bryan\Documents\Projects\TSG_Dictation_App_Demo\dialog_content\cef\out\Release\sandbox.cc.pdb'; linking object as if no debug info
cef_sandbox.lib(sandbox.handle_closer_agent.obj) : warning LNK4099: PDB 'sandbox.cc.pdb' was not found with 'cef_sandbox.lib(sandbox.handle_closer_agent.obj)' or at 'D:\bryan\Documents\Projects\TSG_Dictation_App_Demo\dialog_content\cef\out\Release\sandbox.cc.pdb'; linking object as if no debug info
cef_sandbox.lib(sandbox.handle_closer.obj) : warning LNK4099: PDB 'sandbox.cc.pdb' was not found with 'cef_sandbox.lib(sandbox.handle_closer.obj)' or at 'D:\bryan\Documents\Projects\TSG_Dictation_App_Demo\dialog_content\cef\out\Release\sandbox.cc.pdb'; linking object as if no debug info
cef_sandbox.lib(sandbox.filesystem_policy.obj) : warning LNK4099: PDB 'sandbox.cc.pdb' was not found with 'cef_sandbox.lib(sandbox.filesystem_policy.obj)' or at 'D:\bryan\Documents\Projects\TSG_Dictation_App_Demo\dialog_content\cef\out\Release\sandbox.cc.pdb'; linking object as if no debug info
cef_sandbox.lib(sandbox.filesystem_interception.obj) : warning LNK4099: PDB 'sandbox.cc.pdb' was not found with 'cef_sandbox.lib(sandbox.filesystem_interception.obj)' or at 'D:\bryan\Documents\Projects\TSG_Dictation_App_Demo\dialog_content\cef\out\Release\sandbox.cc.pdb'; linking object as if no debug info
cef_sandbox.lib(sandbox.filesystem_dispatcher.obj) : warning LNK4099: PDB 'sandbox.cc.pdb' was not found with 'cef_sandbox.lib(sandbox.filesystem_dispatcher.obj)' or at 'D:\bryan\Documents\Projects\TSG_Dictation_App_Demo\dialog_content\cef\out\Release\sandbox.cc.pdb'; linking object as if no debug info
cef_sandbox.lib(sandbox.eat_resolver.obj) : warning LNK4099: PDB 'sandbox.cc.pdb' was not found with 'cef_sandbox.lib(sandbox.eat_resolver.obj)' or at 'D:\bryan\Documents\Projects\TSG_Dictation_App_Demo\dialog_content\cef\out\Release\sandbox.cc.pdb'; linking object as if no debug info
cef_sandbox.lib(sandbox.crosscall_server.obj) : warning LNK4099: PDB 'sandbox.cc.pdb' was not found with 'cef_sandbox.lib(sandbox.crosscall_server.obj)' or at 'D:\bryan\Documents\Projects\TSG_Dictation_App_Demo\dialog_content\cef\out\Release\sandbox.cc.pdb'; linking object as if no debug info
cef_sandbox.lib(sandbox.broker_services.obj) : warning LNK4099: PDB 'sandbox.cc.pdb' was not found with 'cef_sandbox.lib(sandbox.broker_services.obj)' or at 'D:\bryan\Documents\Projects\TSG_Dictation_App_Demo\dialog_content\cef\out\Release\sandbox.cc.pdb'; linking object as if no debug info
cef_sandbox.lib(sandbox.app_container.obj) : warning LNK4099: PDB 'sandbox.cc.pdb' was not found with 'cef_sandbox.lib(sandbox.app_container.obj)' or at 'D:\bryan\Documents\Projects\TSG_Dictation_App_Demo\dialog_content\cef\out\Release\sandbox.cc.pdb'; linking object as if no debug info
cef_sandbox.lib(sandbox.acl.obj) : warning LNK4099: PDB 'sandbox.cc.pdb' was not found with 'cef_sandbox.lib(sandbox.acl.obj)' or at 'D:\bryan\Documents\Projects\TSG_Dictation_App_Demo\dialog_content\cef\out\Release\sandbox.cc.pdb'; linking object as if no debug info
cef_sandbox.lib(cef_sandbox.sandbox_win.obj) : warning LNK4099: PDB 'cef_sandbox.cc.pdb' was not found with 'cef_sandbox.lib(cef_sandbox.sandbox_win.obj)' or at 'D:\bryan\Documents\Projects\TSG_Dictation_App_Demo\dialog_content\cef\out\Release\cef_sandbox.cc.pdb'; linking object as if no debug info
cef_sandbox.lib(base_static.pe_image.obj) : warning LNK4099: PDB 'base_static.cc.pdb' was not found with 'cef_sandbox.lib(base_static.pe_image.obj)' or at 'D:\bryan\Documents\Projects\TSG_Dictation_App_Demo\dialog_content\cef\out\Release\base_static.cc.pdb'; linking object as if no debug info
cef_sandbox.lib(base_static.base_switches.obj) : warning LNK4099: PDB 'base_static.cc.pdb' was not found with 'cef_sandbox.lib(base_static.base_switches.obj)' or at 'D:\bryan\Documents\Projects\TSG_Dictation_App_Demo\dialog_content\cef\out\Release\base_static.cc.pdb'; linking object as if no debug info
cef_sandbox.lib(base_static.precompile.obj) : warning LNK4099: PDB 'base_static.cc.pdb' was not found with 'cef_sandbox.lib(base_static.precompile.obj)' or at 'D:\bryan\Documents\Projects\TSG_Dictation_App_Demo\dialog_content\cef\out\Release\base_static.cc.pdb'; linking object as if no debug info
cef_sandbox.lib(base.windows_version.obj) : warning LNK4099: PDB 'base.cc.pdb' was not found with 'cef_sandbox.lib(base.windows_version.obj)' or at 'D:\bryan\Documents\Projects\TSG_Dictation_App_Demo\dialog_content\cef\out\Release\base.cc.pdb'; linking object as if no debug info
cef_sandbox.lib(base.startup_information.obj) : warning LNK4099: PDB 'base.cc.pdb' was not found with 'cef_sandbox.lib(base.startup_information.obj)' or at 'D:\bryan\Documents\Projects\TSG_Dictation_App_Demo\dialog_content\cef\out\Release\base.cc.pdb'; linking object as if no debug info
cef_sandbox.lib(base.scoped_process_information.obj) : warning LNK4099: PDB 'base.cc.pdb' was not found with 'cef_sandbox.lib(base.scoped_process_information.obj)' or at 'D:\bryan\Documents\Projects\TSG_Dictation_App_Demo\dialog_content\cef\out\Release\base.cc.pdb'; linking object as if no debug info
cef_sandbox.lib(base.registry.obj) : warning LNK4099: PDB 'base.cc.pdb' was not found with 'cef_sandbox.lib(base.registry.obj)' or at 'D:\bryan\Documents\Projects\TSG_Dictation_App_Demo\dialog_content\cef\out\Release\base.cc.pdb'; linking object as if no debug info
cef_sandbox.lib(base.vlog.obj) : warning LNK4099: PDB 'base.cc.pdb' was not found with 'cef_sandbox.lib(base.vlog.obj)' or at 'D:\bryan\Documents\Projects\TSG_Dictation_App_Demo\dialog_content\cef\out\Release\base.cc.pdb'; linking object as if no debug info
cef_sandbox.lib(base.tracked_objects.obj) : warning LNK4099: PDB 'base.cc.pdb' was not found with 'cef_sandbox.lib(base.tracked_objects.obj)' or at 'D:\bryan\Documents\Projects\TSG_Dictation_App_Demo\dialog_content\cef\out\Release\base.cc.pdb'; linking object as if no debug info
cef_sandbox.lib(base.time_win.obj) : warning LNK4099: PDB 'base.cc.pdb' was not found with 'cef_sandbox.lib(base.time_win.obj)' or at 'D:\bryan\Documents\Projects\TSG_Dictation_App_Demo\dialog_content\cef\out\Release\base.cc.pdb'; linking object as if no debug info
cef_sandbox.lib(base.time.obj) : warning LNK4099: PDB 'base.cc.pdb' was not found with 'cef_sandbox.lib(base.time.obj)' or at 'D:\bryan\Documents\Projects\TSG_Dictation_App_Demo\dialog_content\cef\out\Release\base.cc.pdb'; linking object as if no debug info
cef_sandbox.lib(base.thread_local_storage_win.obj) : warning LNK4099: PDB 'base.cc.pdb' was not found with 'cef_sandbox.lib(base.thread_local_storage_win.obj)' or at 'D:\bryan\Documents\Projects\TSG_Dictation_App_Demo\dialog_content\cef\out\Release\base.cc.pdb'; linking object as if no debug info
cef_sandbox.lib(base.thread_local_storage.obj) : warning LNK4099: PDB 'base.cc.pdb' was not found with 'cef_sandbox.lib(base.thread_local_storage.obj)' or at 'D:\bryan\Documents\Projects\TSG_Dictation_App_Demo\dialog_content\cef\out\Release\base.cc.pdb'; linking object as if no debug info
cef_sandbox.lib(base.thread_id_name_manager.obj) : warning LNK4099: PDB 'base.cc.pdb' was not found with 'cef_sandbox.lib(base.thread_id_name_manager.obj)' or at 'D:\bryan\Documents\Projects\TSG_Dictation_App_Demo\dialog_content\cef\out\Release\base.cc.pdb'; linking object as if no debug info
cef_sandbox.lib(base.platform_thread_win.obj) : warning LNK4099: PDB 'base.cc.pdb' was not found with 'cef_sandbox.lib(base.platform_thread_win.obj)' or at 'D:\bryan\Documents\Projects\TSG_Dictation_App_Demo\dialog_content\cef\out\Release\base.cc.pdb'; linking object as if no debug info
cef_sandbox.lib(base.lock_impl_win.obj) : warning LNK4099: PDB 'base.cc.pdb' was not found with 'cef_sandbox.lib(base.lock_impl_win.obj)' or at 'D:\bryan\Documents\Projects\TSG_Dictation_App_Demo\dialog_content\cef\out\Release\base.cc.pdb'; linking object as if no debug info
cef_sandbox.lib(base.utf_string_conversions.obj) : warning LNK4099: PDB 'base.cc.pdb' was not found with 'cef_sandbox.lib(base.utf_string_conversions.obj)' or at 'D:\bryan\Documents\Projects\TSG_Dictation_App_Demo\dialog_content\cef\out\Release\base.cc.pdb'; linking object as if no debug info
cef_sandbox.lib(base.utf_string_conversion_utils.obj) : warning LNK4099: PDB 'base.cc.pdb' was not found with 'cef_sandbox.lib(base.utf_string_conversion_utils.obj)' or at 'D:\bryan\Documents\Projects\TSG_Dictation_App_Demo\dialog_content\cef\out\Release\base.cc.pdb'; linking object as if no debug info
cef_sandbox.lib(base.stringprintf.obj) : warning LNK4099: PDB 'base.cc.pdb' was not found with 'cef_sandbox.lib(base.stringprintf.obj)' or at 'D:\bryan\Documents\Projects\TSG_Dictation_App_Demo\dialog_content\cef\out\Release\base.cc.pdb'; linking object as if no debug info
cef_sandbox.lib(base.string_util_constants.obj) : warning LNK4099: PDB 'base.cc.pdb' was not found with 'cef_sandbox.lib(base.string_util_constants.obj)' or at 'D:\bryan\Documents\Projects\TSG_Dictation_App_Demo\dialog_content\cef\out\Release\base.cc.pdb'; linking object as if no debug info
cef_sandbox.lib(base.string_util.obj) : warning LNK4099: PDB 'base.cc.pdb' was not found with 'cef_sandbox.lib(base.string_util.obj)' or at 'D:\bryan\Documents\Projects\TSG_Dictation_App_Demo\dialog_content\cef\out\Release\base.cc.pdb'; linking object as if no debug info
cef_sandbox.lib(base.string_piece.obj) : warning LNK4099: PDB 'base.cc.pdb' was not found with 'cef_sandbox.lib(base.string_piece.obj)' or at 'D:\bryan\Documents\Projects\TSG_Dictation_App_Demo\dialog_content\cef\out\Release\base.cc.pdb'; linking object as if no debug info
cef_sandbox.lib(base.string_split.obj) : warning LNK4099: PDB 'base.cc.pdb' was not found with 'cef_sandbox.lib(base.string_split.obj)' or at 'D:\bryan\Documents\Projects\TSG_Dictation_App_Demo\dialog_content\cef\out\Release\base.cc.pdb'; linking object as if no debug info
cef_sandbox.lib(base.string_number_conversions.obj) : warning LNK4099: PDB 'base.cc.pdb' was not found with 'cef_sandbox.lib(base.string_number_conversions.obj)' or at 'D:\bryan\Documents\Projects\TSG_Dictation_App_Demo\dialog_content\cef\out\Release\base.cc.pdb'; linking object as if no debug info
cef_sandbox.lib(base.tracked_time.obj) : warning LNK4099: PDB 'base.cc.pdb' was not found with 'cef_sandbox.lib(base.tracked_time.obj)' or at 'D:\bryan\Documents\Projects\TSG_Dictation_App_Demo\dialog_content\cef\out\Release\base.cc.pdb'; linking object as if no debug info
cef_sandbox.lib(base.alternate_timer.obj) : warning LNK4099: PDB 'base.cc.pdb' was not found with 'cef_sandbox.lib(base.alternate_timer.obj)' or at 'D:\bryan\Documents\Projects\TSG_Dictation_App_Demo\dialog_content\cef\out\Release\base.cc.pdb'; linking object as if no debug info
cef_sandbox.lib(base.process_handle_win.obj) : warning LNK4099: PDB 'base.cc.pdb' was not found with 'cef_sandbox.lib(base.process_handle_win.obj)' or at 'D:\bryan\Documents\Projects\TSG_Dictation_App_Demo\dialog_content\cef\out\Release\base.cc.pdb'; linking object as if no debug info
cef_sandbox.lib(base.pickle.obj) : warning LNK4099: PDB 'base.cc.pdb' was not found with 'cef_sandbox.lib(base.pickle.obj)' or at 'D:\bryan\Documents\Projects\TSG_Dictation_App_Demo\dialog_content\cef\out\Release\base.cc.pdb'; linking object as if no debug info
cef_sandbox.lib(base.singleton.obj) : warning LNK4099: PDB 'base.cc.pdb' was not found with 'cef_sandbox.lib(base.singleton.obj)' or at 'D:\bryan\Documents\Projects\TSG_Dictation_App_Demo\dialog_content\cef\out\Release\base.cc.pdb'; linking object as if no debug info
cef_sandbox.lib(base.logging.obj) : warning LNK4099: PDB 'base.cc.pdb' was not found with 'cef_sandbox.lib(base.logging.obj)' or at 'D:\bryan\Documents\Projects\TSG_Dictation_App_Demo\dialog_content\cef\out\Release\base.cc.pdb'; linking object as if no debug info
cef_sandbox.lib(base.location.obj) : warning LNK4099: PDB 'base.cc.pdb' was not found with 'cef_sandbox.lib(base.location.obj)' or at 'D:\bryan\Documents\Projects\TSG_Dictation_App_Demo\dialog_content\cef\out\Release\base.cc.pdb'; linking object as if no debug info
cef_sandbox.lib(base.lazy_instance.obj) : warning LNK4099: PDB 'base.cc.pdb' was not found with 'cef_sandbox.lib(base.lazy_instance.obj)' or at 'D:\bryan\Documents\Projects\TSG_Dictation_App_Demo\dialog_content\cef\out\Release\base.cc.pdb'; linking object as if no debug info
cef_sandbox.lib(base.file_path_constants.obj) : warning LNK4099: PDB 'base.cc.pdb' was not found with 'cef_sandbox.lib(base.file_path_constants.obj)' or at 'D:\bryan\Documents\Projects\TSG_Dictation_App_Demo\dialog_content\cef\out\Release\base.cc.pdb'; linking object as if no debug info
cef_sandbox.lib(base.file_path.obj) : warning LNK4099: PDB 'base.cc.pdb' was not found with 'cef_sandbox.lib(base.file_path.obj)' or at 'D:\bryan\Documents\Projects\TSG_Dictation_App_Demo\dialog_content\cef\out\Release\base.cc.pdb'; linking object as if no debug info
cef_sandbox.lib(base.profiler.obj) : warning LNK4099: PDB 'base.cc.pdb' was not found with 'cef_sandbox.lib(base.profiler.obj)' or at 'D:\bryan\Documents\Projects\TSG_Dictation_App_Demo\dialog_content\cef\out\Release\base.cc.pdb'; linking object as if no debug info
cef_sandbox.lib(base.debugger_win.obj) : warning LNK4099: PDB 'base.cc.pdb' was not found with 'cef_sandbox.lib(base.debugger_win.obj)' or at 'D:\bryan\Documents\Projects\TSG_Dictation_App_Demo\dialog_content\cef\out\Release\base.cc.pdb'; linking object as if no debug info
cef_sandbox.lib(base.debugger.obj) : warning LNK4099: PDB 'base.cc.pdb' was not found with 'cef_sandbox.lib(base.debugger.obj)' or at 'D:\bryan\Documents\Projects\TSG_Dictation_App_Demo\dialog_content\cef\out\Release\base.cc.pdb'; linking object as if no debug info
cef_sandbox.lib(base.alias.obj) : warning LNK4099: PDB 'base.cc.pdb' was not found with 'cef_sandbox.lib(base.alias.obj)' or at 'D:\bryan\Documents\Projects\TSG_Dictation_App_Demo\dialog_content\cef\out\Release\base.cc.pdb'; linking object as if no debug info
cef_sandbox.lib(base.cpu.obj) : warning LNK4099: PDB 'base.cc.pdb' was not found with 'cef_sandbox.lib(base.cpu.obj)' or at 'D:\bryan\Documents\Projects\TSG_Dictation_App_Demo\dialog_content\cef\out\Release\base.cc.pdb'; linking object as if no debug info
cef_sandbox.lib(base.command_line.obj) : warning LNK4099: PDB 'base.cc.pdb' was not found with 'cef_sandbox.lib(base.command_line.obj)' or at 'D:\bryan\Documents\Projects\TSG_Dictation_App_Demo\dialog_content\cef\out\Release\base.cc.pdb'; linking object as if no debug info
cef_sandbox.lib(base.at_exit.obj) : warning LNK4099: PDB 'base.cc.pdb' was not found with 'cef_sandbox.lib(base.at_exit.obj)' or at 'D:\bryan\Documents\Projects\TSG_Dictation_App_Demo\dialog_content\cef\out\Release\base.cc.pdb'; linking object as if no debug info
cef_sandbox.lib(base.prtime.obj) : warning LNK4099: PDB 'base.cc.pdb' was not found with 'cef_sandbox.lib(base.prtime.obj)' or at 'D:\bryan\Documents\Projects\TSG_Dictation_App_Demo\dialog_content\cef\out\Release\base.cc.pdb'; linking object as if no debug info
cef_sandbox.lib(base.icu_utf.obj) : warning LNK4099: PDB 'base.cc.pdb' was not found with 'cef_sandbox.lib(base.icu_utf.obj)' or at 'D:\bryan\Documents\Projects\TSG_Dictation_App_Demo\dialog_content\cef\out\Release\base.cc.pdb'; linking object as if no debug info
cef_sandbox.lib(base.dtoa_wrapper.obj) : warning LNK4099: PDB 'base.cc.pdb' was not found with 'cef_sandbox.lib(base.dtoa_wrapper.obj)' or at 'D:\bryan\Documents\Projects\TSG_Dictation_App_Demo\dialog_content\cef\out\Release\base.cc.pdb'; linking object as if no debug info
cef_sandbox.lib(base.g_fmt.obj) : warning LNK4099: PDB 'base.cc.pdb' was not found with 'cef_sandbox.lib(base.g_fmt.obj)' or at 'D:\bryan\Documents\Projects\TSG_Dictation_App_Demo\dialog_content\cef\out\Release\base.cc.pdb'; linking object as if no debug info
cef_sandbox.lib(base.precompile.obj) : warning LNK4099: PDB 'base.cc.pdb' was not found with 'cef_sandbox.lib(base.precompile.obj)' or at 'D:\bryan\Documents\Projects\TSG_Dictation_App_Demo\dialog_content\cef\out\Release\base.cc.pdb'; linking object as if no debug info
  cefsimple.vcxproj -> out\Release\\cefsimple.exe
